<?xml version="1.0" encoding="UTF-8"?>
<!-- Generated by org.testng.reporters.JUnitXMLReporter -->
<testsuite hostname="DESKTOP-K2A62FH" ignored="0" name="Login Test" tests="5" failures="0" timestamp="07 May 2022 16:23:14 GMT" time="74.906" errors="0">
  <testcase name="loginTest" time="7.18" classname="com.opencart.testCases.TC001_LoginTest_001"/>
  <testcase name="dataloginTest" time="8.685" classname="com.opencart.testCases.TC001_LoginTest_DataDriven"/>
  <testcase name="dataloginTest" time="8.4" classname="com.opencart.testCases.TC001_LoginTest_DataDriven"/>
  <testcase name="dataloginTest" time="8.478" classname="com.opencart.testCases.TC001_LoginTest_DataDriven"/>
  <testcase name="dataloginTest" time="8.882" classname="com.opencart.testCases.TC001_LoginTest_DataDriven"/>
</testsuite> <!-- Login Test -->
