<?xml version="1.0" encoding="UTF-8"?>
<!-- Generated by org.testng.reporters.JUnitXMLReporter -->
<testsuite hostname="DESKTOP-K2A62FH" ignored="0" name="Login Test" tests="1" failures="0" timestamp="03 May 2022 01:11:13 GMT" time="7.107" errors="0">
  <testcase name="@BeforeClass setup" time="7.047" classname="com.opencart.base.BaseClass">
    <failure type="java.lang.NullPointerException">
      <![CDATA[java.lang.NullPointerException
	at com.opencart.base.BaseClass.setup(BaseClass.java:52)
... Removed 25 stack frames]]>
    </failure>
  </testcase> <!-- @BeforeClass setup -->
  <testcase name="@AfterClass tearDown" time="0.0" classname="com.opencart.base.BaseClass">
    <skipped/>
  </testcase> <!-- @AfterClass tearDown -->
  <testcase name="loginTest" time="0.0" classname="com.opencart.testCases.TC001_LoginTest_001">
    <skipped/>
  </testcase> <!-- loginTest -->
</testsuite> <!-- Login Test -->
