<?xml version="1.0" encoding="UTF-8"?>
<testng-results skipped="0" failed="1" ignored="0" total="6" passed="5">
  <reporter-output>
  </reporter-output>
  <suite name="Multiple test cases" duration-ms="96644" started-at="2022-05-07T19:06:47Z" finished-at="2022-05-07T19:08:23Z">
    <groups>
    </groups>
    <test name="Login Test" duration-ms="96644" started-at="2022-05-07T19:06:47Z" finished-at="2022-05-07T19:08:23Z">
      <class name="com.opencart.testCases.TC001_LoginTest_001">
        <test-method status="PASS" signature="setup(java.lang.String)[pri:0, instance:com.opencart.testCases.TC001_LoginTest_001@442675e1]" name="setup" is-config="true" duration-ms="15304" started-at="2022-05-07T15:06:47Z" finished-at="2022-05-07T15:07:02Z">
          <params>
            <param index="0">
              <value>
                <![CDATA[chrome]]>
              </value>
            </param>
          </params>
          <reporter-output>
          </reporter-output>
        </test-method> <!-- setup -->
        <test-method status="PASS" signature="loginTest()[pri:0, instance:com.opencart.testCases.TC001_LoginTest_001@442675e1]" name="loginTest" duration-ms="7053" started-at="2022-05-07T15:07:02Z" finished-at="2022-05-07T15:07:09Z">
          <reporter-output>
          </reporter-output>
        </test-method> <!-- loginTest -->
        <test-method status="PASS" signature="tearDown()[pri:0, instance:com.opencart.testCases.TC001_LoginTest_001@442675e1]" name="tearDown" is-config="true" duration-ms="1348" started-at="2022-05-07T15:07:10Z" finished-at="2022-05-07T15:07:11Z">
          <reporter-output>
          </reporter-output>
        </test-method> <!-- tearDown -->
      </class> <!-- com.opencart.testCases.TC001_LoginTest_001 -->
      <class name="com.opencart.testCases.TC001_LoginTest_Fail">
        <test-method status="PASS" signature="setup(java.lang.String)[pri:0, instance:com.opencart.testCases.TC001_LoginTest_Fail@49e202ad]" name="setup" is-config="true" duration-ms="14072" started-at="2022-05-07T15:08:02Z" finished-at="2022-05-07T15:08:16Z">
          <params>
            <param index="0">
              <value>
                <![CDATA[chrome]]>
              </value>
            </param>
          </params>
          <reporter-output>
          </reporter-output>
        </test-method> <!-- setup -->
        <test-method status="FAIL" signature="loginTest()[pri:0, instance:com.opencart.testCases.TC001_LoginTest_Fail@49e202ad]" name="loginTest" duration-ms="5792" started-at="2022-05-07T15:08:16Z" finished-at="2022-05-07T15:08:22Z">
          <exception class="java.lang.AssertionError">
            <message>
              <![CDATA[expected [true] but found [false]]]>
            </message>
            <full-stacktrace>
              <![CDATA[java.lang.AssertionError: expected [true] but found [false]
	at org.testng.Assert.fail(Assert.java:93)
	at org.testng.Assert.failNotEquals(Assert.java:512)
	at org.testng.Assert.assertTrue(Assert.java:41)
	at org.testng.Assert.assertTrue(Assert.java:51)
	at com.opencart.testCases.TC001_LoginTest_Fail.loginTest(TC001_LoginTest_Fail.java:53)
	at sun.reflect.NativeMethodAccessorImpl.invoke0(Native Method)
	at sun.reflect.NativeMethodAccessorImpl.invoke(NativeMethodAccessorImpl.java:62)
	at sun.reflect.DelegatingMethodAccessorImpl.invoke(DelegatingMethodAccessorImpl.java:43)
	at java.lang.reflect.Method.invoke(Method.java:498)
	at org.testng.internal.MethodInvocationHelper.invokeMethod(MethodInvocationHelper.java:108)
	at org.testng.internal.Invoker.invokeMethod(Invoker.java:661)
	at org.testng.internal.Invoker.invokeTestMethod(Invoker.java:869)
	at org.testng.internal.Invoker.invokeTestMethods(Invoker.java:1193)
	at org.testng.internal.TestMethodWorker.invokeTestMethods(TestMethodWorker.java:126)
	at org.testng.internal.TestMethodWorker.run(TestMethodWorker.java:109)
	at org.testng.TestRunner.privateRun(TestRunner.java:744)
	at org.testng.TestRunner.run(TestRunner.java:602)
	at org.testng.SuiteRunner.runTest(SuiteRunner.java:380)
	at org.testng.SuiteRunner.runSequentially(SuiteRunner.java:375)
	at org.testng.SuiteRunner.privateRun(SuiteRunner.java:340)
	at org.testng.SuiteRunner.run(SuiteRunner.java:289)
	at org.testng.SuiteRunnerWorker.runSuite(SuiteRunnerWorker.java:52)
	at org.testng.SuiteRunnerWorker.run(SuiteRunnerWorker.java:86)
	at org.testng.TestNG.runSuitesSequentially(TestNG.java:1301)
	at org.testng.TestNG.runSuitesLocally(TestNG.java:1226)
	at org.testng.TestNG.runSuites(TestNG.java:1144)
	at org.testng.TestNG.run(TestNG.java:1115)
	at org.apache.maven.surefire.testng.TestNGExecutor.run(TestNGExecutor.java:283)
	at org.apache.maven.surefire.testng.TestNGXmlTestSuite.execute(TestNGXmlTestSuite.java:75)
	at org.apache.maven.surefire.testng.TestNGProvider.invoke(TestNGProvider.java:120)
	at org.apache.maven.surefire.booter.ForkedBooter.runSuitesInProcess(ForkedBooter.java:377)
	at org.apache.maven.surefire.booter.ForkedBooter.execute(ForkedBooter.java:138)
	at org.apache.maven.surefire.booter.ForkedBooter.run(ForkedBooter.java:465)
	at org.apache.maven.surefire.booter.ForkedBooter.main(ForkedBooter.java:451)
]]>
            </full-stacktrace>
          </exception> <!-- java.lang.AssertionError -->
          <reporter-output>
          </reporter-output>
        </test-method> <!-- loginTest -->
        <test-method status="PASS" signature="tearDown()[pri:0, instance:com.opencart.testCases.TC001_LoginTest_Fail@49e202ad]" name="tearDown" is-config="true" duration-ms="1228" started-at="2022-05-07T15:08:22Z" finished-at="2022-05-07T15:08:23Z">
          <reporter-output>
          </reporter-output>
        </test-method> <!-- tearDown -->
      </class> <!-- com.opencart.testCases.TC001_LoginTest_Fail -->
      <class name="com.opencart.testCases.TC001_LoginTest_DataDriven">
        <test-method status="PASS" signature="setup(java.lang.String)[pri:0, instance:com.opencart.testCases.TC001_LoginTest_DataDriven@6166e06f]" name="setup" is-config="true" duration-ms="13338" started-at="2022-05-07T15:07:11Z" finished-at="2022-05-07T15:07:24Z">
          <params>
            <param index="0">
              <value>
                <![CDATA[chrome]]>
              </value>
            </param>
          </params>
          <reporter-output>
          </reporter-output>
        </test-method> <!-- setup -->
        <test-method status="PASS" signature="dataloginTest(java.lang.String, java.lang.String)[pri:0, instance:com.opencart.testCases.TC001_LoginTest_DataDriven@6166e06f]" name="dataloginTest" duration-ms="8778" started-at="2022-05-07T15:07:26Z" data-provider="dp" finished-at="2022-05-07T15:07:34Z">
          <params>
            <param index="0">
              <value>
                <![CDATA[demotour@gmail.com]]>
              </value>
            </param>
            <param index="1">
              <value>
                <![CDATA[hello1]]>
              </value>
            </param>
          </params>
          <reporter-output>
          </reporter-output>
        </test-method> <!-- dataloginTest -->
        <test-method status="PASS" signature="dataloginTest(java.lang.String, java.lang.String)[pri:0, instance:com.opencart.testCases.TC001_LoginTest_DataDriven@6166e06f]" name="dataloginTest" duration-ms="8663" started-at="2022-05-07T15:07:35Z" data-provider="dp" finished-at="2022-05-07T15:07:43Z">
          <params>
            <param index="0">
              <value>
                <![CDATA[demo@gmail.com]]>
              </value>
            </param>
            <param index="1">
              <value>
                <![CDATA[hello2]]>
              </value>
            </param>
          </params>
          <reporter-output>
          </reporter-output>
        </test-method> <!-- dataloginTest -->
        <test-method status="PASS" signature="dataloginTest(java.lang.String, java.lang.String)[pri:0, instance:com.opencart.testCases.TC001_LoginTest_DataDriven@6166e06f]" name="dataloginTest" duration-ms="8559" started-at="2022-05-07T15:07:43Z" data-provider="dp" finished-at="2022-05-07T15:07:52Z">
          <params>
            <param index="0">
              <value>
                <![CDATA[tour@gmail.com]]>
              </value>
            </param>
            <param index="1">
              <value>
                <![CDATA[hello3]]>
              </value>
            </param>
          </params>
          <reporter-output>
          </reporter-output>
        </test-method> <!-- dataloginTest -->
        <test-method status="PASS" signature="dataloginTest(java.lang.String, java.lang.String)[pri:0, instance:com.opencart.testCases.TC001_LoginTest_DataDriven@6166e06f]" name="dataloginTest" duration-ms="8895" started-at="2022-05-07T15:07:52Z" data-provider="dp" finished-at="2022-05-07T15:08:01Z">
          <params>
            <param index="0">
              <value>
                <![CDATA[demo30@gmail.com]]>
              </value>
            </param>
            <param index="1">
              <value>
                <![CDATA[Bayview@2020]]>
              </value>
            </param>
          </params>
          <reporter-output>
          </reporter-output>
        </test-method> <!-- dataloginTest -->
        <test-method status="PASS" signature="tearDown()[pri:0, instance:com.opencart.testCases.TC001_LoginTest_DataDriven@6166e06f]" name="tearDown" is-config="true" duration-ms="1012" started-at="2022-05-07T15:08:01Z" finished-at="2022-05-07T15:08:02Z">
          <reporter-output>
          </reporter-output>
        </test-method> <!-- tearDown -->
      </class> <!-- com.opencart.testCases.TC001_LoginTest_DataDriven -->
    </test> <!-- Login Test -->
  </suite> <!-- Multiple test cases -->
</testng-results>
