<?xml version="1.0" encoding="UTF-8"?>
<testng-results skipped="0" failed="1" ignored="0" total="2" passed="1">
  <reporter-output>
  </reporter-output>
  <suite name="Page Object Model with Page Factory" duration-ms="38201" started-at="2022-05-05T23:45:00Z" finished-at="2022-05-05T23:45:39Z">
    <groups>
    </groups>
    <test name="Login Test" duration-ms="38201" started-at="2022-05-05T23:45:00Z" finished-at="2022-05-05T23:45:39Z">
      <class name="com.opencart.testCases.TC001_LoginTest_001">
        <test-method status="PASS" signature="setup(java.lang.String)[pri:0, instance:com.opencart.testCases.TC001_LoginTest_001@44f75083]" name="setup" is-config="true" duration-ms="12734" started-at="2022-05-05T19:45:00Z" finished-at="2022-05-05T19:45:13Z">
          <params>
            <param index="0">
              <value>
                <![CDATA[chrome]]>
              </value>
            </param>
          </params>
          <reporter-output>
          </reporter-output>
        </test-method> <!-- setup -->
        <test-method status="PASS" signature="loginTest()[pri:0, instance:com.opencart.testCases.TC001_LoginTest_001@44f75083]" name="loginTest" duration-ms="6873" started-at="2022-05-05T19:45:13Z" finished-at="2022-05-05T19:45:20Z">
          <reporter-output>
          </reporter-output>
        </test-method> <!-- loginTest -->
        <test-method status="PASS" signature="tearDown()[pri:0, instance:com.opencart.testCases.TC001_LoginTest_001@44f75083]" name="tearDown" is-config="true" duration-ms="1041" started-at="2022-05-05T19:45:20Z" finished-at="2022-05-05T19:45:21Z">
          <reporter-output>
          </reporter-output>
        </test-method> <!-- tearDown -->
      </class> <!-- com.opencart.testCases.TC001_LoginTest_001 -->
      <class name="com.opencart.testCases.TC001_LoginTest_Fail">
        <test-method status="PASS" signature="setup(java.lang.String)[pri:0, instance:com.opencart.testCases.TC001_LoginTest_Fail@2698dc7]" name="setup" is-config="true" duration-ms="10730" started-at="2022-05-05T19:45:21Z" finished-at="2022-05-05T19:45:32Z">
          <params>
            <param index="0">
              <value>
                <![CDATA[chrome]]>
              </value>
            </param>
          </params>
          <reporter-output>
          </reporter-output>
        </test-method> <!-- setup -->
        <test-method status="FAIL" signature="loginTest()[pri:0, instance:com.opencart.testCases.TC001_LoginTest_Fail@2698dc7]" name="loginTest" duration-ms="5843" started-at="2022-05-05T19:45:32Z" finished-at="2022-05-05T19:45:38Z">
          <exception class="java.lang.AssertionError">
            <message>
              <![CDATA[expected [true] but found [false]]]>
            </message>
            <full-stacktrace>
              <![CDATA[java.lang.AssertionError: expected [true] but found [false]
	at org.testng.Assert.fail(Assert.java:93)
	at org.testng.Assert.failNotEquals(Assert.java:512)
	at org.testng.Assert.assertTrue(Assert.java:41)
	at org.testng.Assert.assertTrue(Assert.java:51)
	at com.opencart.testCases.TC001_LoginTest_Fail.loginTest(TC001_LoginTest_Fail.java:53)
	at sun.reflect.NativeMethodAccessorImpl.invoke0(Native Method)
	at sun.reflect.NativeMethodAccessorImpl.invoke(NativeMethodAccessorImpl.java:62)
	at sun.reflect.DelegatingMethodAccessorImpl.invoke(DelegatingMethodAccessorImpl.java:43)
	at java.lang.reflect.Method.invoke(Method.java:498)
	at org.testng.internal.MethodInvocationHelper.invokeMethod(MethodInvocationHelper.java:108)
	at org.testng.internal.Invoker.invokeMethod(Invoker.java:661)
	at org.testng.internal.Invoker.invokeTestMethod(Invoker.java:869)
	at org.testng.internal.Invoker.invokeTestMethods(Invoker.java:1193)
	at org.testng.internal.TestMethodWorker.invokeTestMethods(TestMethodWorker.java:126)
	at org.testng.internal.TestMethodWorker.run(TestMethodWorker.java:109)
	at org.testng.TestRunner.privateRun(TestRunner.java:744)
	at org.testng.TestRunner.run(TestRunner.java:602)
	at org.testng.SuiteRunner.runTest(SuiteRunner.java:380)
	at org.testng.SuiteRunner.runSequentially(SuiteRunner.java:375)
	at org.testng.SuiteRunner.privateRun(SuiteRunner.java:340)
	at org.testng.SuiteRunner.run(SuiteRunner.java:289)
	at org.testng.SuiteRunnerWorker.runSuite(SuiteRunnerWorker.java:52)
	at org.testng.SuiteRunnerWorker.run(SuiteRunnerWorker.java:86)
	at org.testng.TestNG.runSuitesSequentially(TestNG.java:1301)
	at org.testng.TestNG.runSuitesLocally(TestNG.java:1226)
	at org.testng.TestNG.runSuites(TestNG.java:1144)
	at org.testng.TestNG.run(TestNG.java:1115)
	at org.apache.maven.surefire.testng.TestNGExecutor.run(TestNGExecutor.java:295)
	at org.apache.maven.surefire.testng.TestNGXmlTestSuite.execute(TestNGXmlTestSuite.java:84)
	at org.apache.maven.surefire.testng.TestNGProvider.invoke(TestNGProvider.java:90)
	at org.apache.maven.surefire.booter.ForkedBooter.invokeProviderInSameClassLoader(ForkedBooter.java:203)
	at org.apache.maven.surefire.booter.ForkedBooter.runSuitesInProcess(ForkedBooter.java:155)
	at org.apache.maven.surefire.booter.ForkedBooter.main(ForkedBooter.java:103)
]]>
            </full-stacktrace>
          </exception> <!-- java.lang.AssertionError -->
          <reporter-output>
          </reporter-output>
        </test-method> <!-- loginTest -->
        <test-method status="PASS" signature="tearDown()[pri:0, instance:com.opencart.testCases.TC001_LoginTest_Fail@2698dc7]" name="tearDown" is-config="true" duration-ms="938" started-at="2022-05-05T19:45:38Z" finished-at="2022-05-05T19:45:39Z">
          <reporter-output>
          </reporter-output>
        </test-method> <!-- tearDown -->
      </class> <!-- com.opencart.testCases.TC001_LoginTest_Fail -->
    </test> <!-- Login Test -->
  </suite> <!-- Page Object Model with Page Factory -->
</testng-results>
