<?xml version="1.0" encoding="UTF-8"?>
<testsuite name="TestSuite" time="12.727" tests="2" errors="0" skipped="0" failures="1">
  <properties>
[...]
</properties>
  <testcase name="loginTest" classname="com.opencart.testCases.TC001_LoginTest_001" time="6.879"/>
  <testcase name="loginTest" classname="com.opencart.testCases.TC001_LoginTest_Fail" time="5.848">
    <failure message="expected [true] but found [false]" type="java.lang.AssertionError">java.lang.AssertionError: expected [true] but found [false]
	at org.testng.Assert.fail(Assert.java:93)
	at org.testng.Assert.failNotEquals(Assert.java:512)
	at org.testng.Assert.assertTrue(Assert.java:41)
	at org.testng.Assert.assertTrue(Assert.java:51)
	at com.opencart.testCases.TC001_LoginTest_Fail.loginTest(TC001_LoginTest_Fail.java:53)
</failure>
    <system-err><![CDATA[Starting ChromeDriver 2.40.565498 (ea082db3280dd6843ebfb08a625e3eb905c4f5ab) on port 32329
Only local connections are allowed.
[1651794324.869][WARNING]: Timed out connecting to Chrome, retrying...
[1651794330.114][WARNING]: Timed out connecting to Chrome, retrying...
]]></system-err>
  </testcase>
</testsuite>